Unity Editor version:    2020.3.20f1 (41c4e627c95f)
Branch:                  2020.3/staging
Build type:              Release
Batch mode:              YES
macOS version:           Version 10.15.4 (Build 19E287)
Darwin version:          19.4.0
Architecture:            x86_64
Running under Rosetta:   NO
Available memory:        4096 MB
Using pre-set license
Pro License: NO

COMMAND LINE ARGUMENTS:
/Users/neojonathan/Desktop/Unity/2020.3.20f1/Unity.app/Contents/MacOS/Unity
-adb2
-batchMode
-noUpm
-name
AssetImportWorker1
-projectPath
/Users/neojonathan/Documents/GitHub/ASG1_ITD
-logFile
Logs/AssetImportWorker1.log
-srvPort
57171
Successfully changed project path to: /Users/neojonathan/Documents/GitHub/ASG1_ITD
/Users/neojonathan/Documents/GitHub/ASG1_ITD
Using Asset Import Pipeline V2.
Refreshing native plugins compatible for Editor in 428.86 ms, found 6 plugins.
Preloading 3 native plugins for Editor in 48.48 ms.
Initialize engine version: 2020.3.20f1 (41c4e627c95f)
[Subsystems] Discovering subsystems at path /Users/neojonathan/Desktop/Unity/2020.3.20f1/Unity.app/Contents/Resources/UnitySubsystems
[Subsystems] Discovering subsystems at path /Users/neojonathan/Documents/GitHub/ASG1_ITD/Assets
GfxDevice: creating device client; threaded=0
2021-11-23 23:55:36.411 Unity[44743:1558349] Color LCD preferred device: Intel(R) Iris(TM) Graphics 6000 (low power)
2021-11-23 23:55:36.411 Unity[44743:1558349] Metal devices available: 1
2021-11-23 23:55:36.411 Unity[44743:1558349] 0: Intel(R) Iris(TM) Graphics 6000 (low power)
2021-11-23 23:55:36.413 Unity[44743:1558349] Using device Intel(R) Iris(TM) Graphics 6000 (low power)
Initializing Metal device caps: Intel(R) Iris(TM) Graphics 6000
Initialize mono
Mono path[0] = '/Users/neojonathan/Desktop/Unity/2020.3.20f1/Unity.app/Contents/Managed'
Mono path[1] = '/Users/neojonathan/Desktop/Unity/2020.3.20f1/Unity.app/Contents/MonoBleedingEdge/lib/mono/unityjit'
Mono config path = '/Users/neojonathan/Desktop/Unity/2020.3.20f1/Unity.app/Contents/MonoBleedingEdge/etc'
Using monoOptions --debugger-agent=transport=dt_socket,embedding=1,server=y,suspend=n,address=127.0.0.1:56743
Begin MonoManager ReloadAssembly
Registering precompiled unity dll's ...
Register platform support module: /Users/neojonathan/Desktop/Unity/2020.3.20f1/Unity.app/Contents/PlaybackEngines/MacStandaloneSupport/UnityEditor.OSXStandalone.Extensions.dll
Registered in 0.006383 seconds.
Native extension for OSXStandalone target not found
Refreshing native plugins compatible for Editor in 266.94 ms, found 6 plugins.
Preloading 3 native plugins for Editor in 26.94 ms.
Mono: successfully reloaded assembly
- Completed reload, in  6.484 seconds
Domain Reload Profiling:
	ReloadAssembly (6485ms)
		BeginReloadAssembly (444ms)
			ExecutionOrderSort (0ms)
			DisableScriptedObjects (0ms)
			BackupInstance (0ms)
			ReleaseScriptingObjects (0ms)
			CreateAndSetChildDomain (2ms)
		EndReloadAssembly (2746ms)
			LoadAssemblies (465ms)
			RebuildTransferFunctionScriptingTraits (0ms)
			SetupTypeCache (1061ms)
			ReleaseScriptCaches (0ms)
			RebuildScriptCaches (172ms)
			SetupLoadedEditorAssemblies (1167ms)
				LogAssemblyErrors (0ms)
				InitializePlatformSupportModulesInManaged (21ms)
				SetLoadedEditorAssemblies (1ms)
				RefreshPlugins (294ms)
				BeforeProcessingInitializeOnLoad (152ms)
				ProcessInitializeOnLoadAttributes (540ms)
				ProcessInitializeOnLoadMethodAttributes (160ms)
				AfterProcessingInitializeOnLoad (0ms)
				EditorAssembliesLoaded (1ms)
			ExecutionOrderSort2 (0ms)
			AwakeInstancesAfterBackupRestoration (0ms)
Platform modules already initialized, skipping
Registering precompiled user dll's ...
Registered in 0.112571 seconds.
Begin MonoManager ReloadAssembly
Native extension for OSXStandalone target not found
Refreshing native plugins compatible for Editor in 198.75 ms, found 6 plugins.
Preloading 3 native plugins for Editor in 15.35 ms.
System.NullReferenceException: Object reference not set to an instance of an object
  at Vuforia.EditorClasses.ExtensionTypeProvider.GetVuforiaPackageAbsPath () [0x0004a] in <0213e6f0fa134fa89db6bafa02899715>:0 
  at Vuforia.EditorClasses.ExtensionTypeProvider.IsPackageManager () [0x00000] in <0213e6f0fa134fa89db6bafa02899715>:0 
  at Vuforia.EditorClasses.ExtensionTypeProvider.ResolvePluginType () [0x00009] in <0213e6f0fa134fa89db6bafa02899715>:0 
  at Vuforia.EditorClasses.ExtensionTypeProvider.GetPluginType () [0x0000c] in <0213e6f0fa134fa89db6bafa02899715>:0 
  at Vuforia.EditorClasses.VuforiaUtilities.IsVuforiaEnabledInPlayerSettings () [0x00000] in <0213e6f0fa134fa89db6bafa02899715>:0 
  at VuforiaEnabledObserver..cctor () [0x00000] in <0213e6f0fa134fa89db6bafa02899715>:0 
UnityEngine.StackTraceUtility:ExtractStackTrace () (at /Users/bokken/buildslave/unity/build/Runtime/Export/Scripting/StackTrace.cs:37)
UnityEngine.DebugLogHandler:LogFormat (UnityEngine.LogType,UnityEngine.Object,string,object[])
UnityEngine.Logger:Log (UnityEngine.LogType,object)
UnityEngine.Debug:LogError (object)
UnityEditor.EditorAssemblies:ProcessInitializeOnLoadAttributes (System.Type[]) (at /Users/bokken/buildslave/unity/build/Editor/Mono/EditorAssemblies.cs:138)

(Filename: /Users/bokken/buildslave/unity/build/Editor/Mono/EditorAssemblies.cs Line: 138)

System.NullReferenceException: Object reference not set to an instance of an object
  at Vuforia.EditorClasses.ExtensionTypeProvider.GetVuforiaPackageAbsPath () [0x0004a] in <0213e6f0fa134fa89db6bafa02899715>:0 
  at Vuforia.EditorClasses.ExtensionTypeProvider.IsPackageManager () [0x00000] in <0213e6f0fa134fa89db6bafa02899715>:0 
  at Vuforia.EditorClasses.ExtensionTypeProvider.ResolvePluginType () [0x00009] in <0213e6f0fa134fa89db6bafa02899715>:0 
  at Vuforia.EditorClasses.ExtensionTypeProvider.GetPluginType () [0x0000c] in <0213e6f0fa134fa89db6bafa02899715>:0 
  at Vuforia.EditorClasses.VuforiaUtilities.IsVuforiaEnabledInPlayerSettings () [0x00000] in <0213e6f0fa134fa89db6bafa02899715>:0 
  at Vuforia.EditorClasses.InitializeOnLoadVuforiaTaskRunner..cctor () [0x00015] in <0213e6f0fa134fa89db6bafa02899715>:0 
UnityEngine.StackTraceUtility:ExtractStackTrace () (at /Users/bokken/buildslave/unity/build/Runtime/Export/Scripting/StackTrace.cs:37)
UnityEngine.DebugLogHandler:LogFormat (UnityEngine.LogType,UnityEngine.Object,string,object[])
UnityEngine.Logger:Log (UnityEngine.LogType,object)
UnityEngine.Debug:LogError (object)
UnityEditor.EditorAssemblies:ProcessInitializeOnLoadAttributes (System.Type[]) (at /Users/bokken/buildslave/unity/build/Editor/Mono/EditorAssemblies.cs:138)

(Filename: /Users/bokken/buildslave/unity/build/Editor/Mono/EditorAssemblies.cs Line: 138)

Mono: successfully reloaded assembly
- Completed reload, in  4.196 seconds
Domain Reload Profiling:
	ReloadAssembly (4206ms)
		BeginReloadAssembly (430ms)
			ExecutionOrderSort (0ms)
			DisableScriptedObjects (17ms)
			BackupInstance (0ms)
			ReleaseScriptingObjects (0ms)
			CreateAndSetChildDomain (82ms)
		EndReloadAssembly (3592ms)
			LoadAssemblies (450ms)
			RebuildTransferFunctionScriptingTraits (0ms)
			SetupTypeCache (1132ms)
			ReleaseScriptCaches (3ms)
			RebuildScriptCaches (267ms)
			SetupLoadedEditorAssemblies (1200ms)
				LogAssemblyErrors (0ms)
				InitializePlatformSupportModulesInManaged (15ms)
				SetLoadedEditorAssemblies (1ms)
				RefreshPlugins (214ms)
				BeforeProcessingInitializeOnLoad (276ms)
				ProcessInitializeOnLoadAttributes (680ms)
				ProcessInitializeOnLoadMethodAttributes (10ms)
				AfterProcessingInitializeOnLoad (4ms)
				EditorAssembliesLoaded (1ms)
			ExecutionOrderSort2 (0ms)
			AwakeInstancesAfterBackupRestoration (19ms)
Platform modules already initialized, skipping
Validating Project structure ... 0.130710 seconds.
Shader import version has changed; will reimport all shaders...
Upgrading shader files ...0.109302 seconds.
Application.AssetDatabase Initial Script Refresh Start
RefreshInfo: InitialScriptRefreshV2(NoUpdateAssetOptions) scanfilter:  ... 1 filters
RefreshProfiler: Total: 0.000ms
Application.AssetDatabase Initial Script Refresh End
Application.AssetDatabase.Refresh Start
Application.AssetDatabase.Refresh End
RefreshInfo: StopAssetImportingV2(ForceSynchronousImport) scanfilter: 
RefreshProfiler: Total: 0.000ms
Launching external process: /Users/neojonathan/Desktop/Unity/2020.3.20f1/Unity.app/Contents/Tools/UnityShaderCompiler
Launched and connected shader compiler UnityShaderCompiler after 0.14 seconds
Initializing Unity extensions:
========================================================================
Worker process is ready to serve import requests
Refreshing native plugins compatible for Editor in 1.47 ms, found 6 plugins.
Preloading 3 native plugins for Editor in 10.93 ms.
Unloading 2796 Unused Serialized files (Serialized files now loaded: 0)
System memory in use before: 236.7 MB.
System memory in use after: 235.9 MB.

Unloading 210 unused Assets to reduce memory usage. Loaded Objects now: 3573.
Total: 22.139228 ms (FindLiveObjects: 2.800943 ms CreateObjectMapping: 0.484739 ms MarkObjects: 17.559905 ms  DeleteObjects: 1.291135 ms)

AssetImportParameters requested are different than current active one (requested -> active):
  custom:video-decoder-ogg-theora: a1e56fd34408186e4bbccfd4996cb3dc -> 
  custom:container-muxer-webm: aa71ff27fc2769a1b78a27578f13a17b -> 
  custom:container-demuxer-webm: 4f35f7cbe854078d1ac9338744f61a02 -> 
  custom:container-demuxer-ogg: 62fdf1f143b41e24485cea50d1cbac27 -> 
  custom:video-encoder-webm-vp8: eb34c28f22e8b96e1ab97ce403110664 -> 
  custom:framework-osx-AVFoundation: b23960f63f64bdc6ff669e2cdcee2391 -> 
  custom:video-decoder-webm-vp8: 9c59270c3fd7afecdb556c50c9e8de78 -> 
  custom:audio-decoder-ogg-vorbis: bf7c407c2cedff20999df2af8eb42d56 -> 
  custom:audio-encoder-webm-vorbis: bf7c407c2cedff20999df2af8eb42d56 -> 
========================================================================
Received Import Request.
  path: Assets/3d model/phone.fbx
  artifactKey: Guid(b337c950254f4471ca3046d5e7ec6932) Importer(815301076,1909f56bfc062723c751e8b465ee728b)
Start importing Assets/3d model/phone.fbx using Guid(b337c950254f4471ca3046d5e7ec6932) Importer(815301076,1909f56bfc062723c751e8b465ee728b)  -> (artifact id: 'b40456194a89dd0d3f958c56398d719e') in 1.205487 seconds 
  Import took 1.217833 seconds .

========================================================================
Received Import Request.
  Time since last request: 0.005978 seconds.
  path: Assets/3d model/table.fbx
  artifactKey: Guid(acdbcc26ec6d3410e823fc62fc8ebdf8) Importer(815301076,1909f56bfc062723c751e8b465ee728b)
Start importing Assets/3d model/table.fbx using Guid(acdbcc26ec6d3410e823fc62fc8ebdf8) Importer(815301076,1909f56bfc062723c751e8b465ee728b)  -> (artifact id: 'c12a6cefe3f89e16638db63ff786b20c') in 0.207992 seconds 
  Import took 0.222592 seconds .

========================================================================
Received Import Request.
  Time since last request: 0.001243 seconds.
  path: Assets/3d model/tape.fbx
  artifactKey: Guid(89f10f94c73334a8abfd91de96bbedfc) Importer(815301076,1909f56bfc062723c751e8b465ee728b)
Start importing Assets/3d model/tape.fbx using Guid(89f10f94c73334a8abfd91de96bbedfc) Importer(815301076,1909f56bfc062723c751e8b465ee728b)  -> (artifact id: 'bd275ce70b73472de421fa146c2ee6b7') in 0.088884 seconds 
  Import took 0.100133 seconds .

========================================================================
Received Import Request.
  Time since last request: 144.835022 seconds.
  path: Assets/3d model/tape.fbx
  artifactKey: Guid(89f10f94c73334a8abfd91de96bbedfc) Importer(815301076,1909f56bfc062723c751e8b465ee728b)
Start importing Assets/3d model/tape.fbx using Guid(89f10f94c73334a8abfd91de96bbedfc) Importer(815301076,1909f56bfc062723c751e8b465ee728b)  -> (artifact id: 'ff82e8d5698980f95eed9ce11142607d') in 0.431334 seconds 
  Import took 0.573802 seconds .

========================================================================
Received Import Request.
  Time since last request: 439.101622 seconds.
  path: Assets/3d model/tape.fbx
  artifactKey: Guid(89f10f94c73334a8abfd91de96bbedfc) Importer(815301076,1909f56bfc062723c751e8b465ee728b)
Start importing Assets/3d model/tape.fbx using Guid(89f10f94c73334a8abfd91de96bbedfc) Importer(815301076,1909f56bfc062723c751e8b465ee728b)  -> (artifact id: '65e6ca5bc51c91181ed6e5fcfd771679') in 1.148021 seconds 
  Import took 1.230483 seconds .

========================================================================
Received Import Request.
  Time since last request: 24.746335 seconds.
  path: Assets/3d model/tape.fbx
  artifactKey: Guid(89f10f94c73334a8abfd91de96bbedfc) Importer(815301076,1909f56bfc062723c751e8b465ee728b)
Start importing Assets/3d model/tape.fbx using Guid(89f10f94c73334a8abfd91de96bbedfc) Importer(815301076,1909f56bfc062723c751e8b465ee728b)  -> (artifact id: 'fb75df442f54d526bc925ee4db65a284') in 0.066122 seconds 
  Import took 0.094251 seconds .

========================================================================
Received Import Request.
  Time since last request: 1.948399 seconds.
  path: Assets/3d model/tape.fbm
  artifactKey: Guid(f64950f395d4f4e7f962152f629d9cc9) Importer(815301076,1909f56bfc062723c751e8b465ee728b)
Start importing Assets/3d model/tape.fbm using Guid(f64950f395d4f4e7f962152f629d9cc9) Importer(815301076,1909f56bfc062723c751e8b465ee728b)  -> (artifact id: '6876d81e4918fdbcf0f35706f7dd8469') in 0.004166 seconds 
  Import took 0.016671 seconds .

========================================================================
Received Import Request.
  Time since last request: 2.761144 seconds.
  path: Assets/3d model/tape.fbm/lambert6.mat
  artifactKey: Guid(2e7c206e4b8e54429bd551b72ea3be79) Importer(815301076,1909f56bfc062723c751e8b465ee728b)
Start importing Assets/3d model/tape.fbm/lambert6.mat using Guid(2e7c206e4b8e54429bd551b72ea3be79) Importer(815301076,1909f56bfc062723c751e8b465ee728b)  -> (artifact id: 'ed707d1f04afb990b3464cd5a9b1bf48') in 0.461179 seconds 
  Import took 0.474476 seconds .

========================================================================
Received Import Request.
  Time since last request: 0.012735 seconds.
  path: Assets/3d model/tape.fbm/tape 1m.png
  artifactKey: Guid(6183644d1af2c4e0fa0752534f3b77f2) Importer(815301076,1909f56bfc062723c751e8b465ee728b)
Start importing Assets/3d model/tape.fbm/tape 1m.png using Guid(6183644d1af2c4e0fa0752534f3b77f2) Importer(815301076,1909f56bfc062723c751e8b465ee728b)  -> (artifact id: '8649940fe8d3d231259ad7d74171e425') in 1.317407 seconds 
  Import took 1.334613 seconds .

